<?xml version="1.0" encoding="utf-8"?><testsuites name="pytest tests"><testsuite name="pytest" errors="0" failures="0" skipped="0" tests="17" time="68.666" timestamp="2026-05-21T14:59:57.494725+00:00" hostname="agent-env-608b161e-0989-4b87-bada-20cd7e0f8d4b"><testcase classname="backend.tests.test_p1_features.TestCloseJobToBrainCase" name="test_close_creates_case_and_closes_session" time="20.189" /><testcase classname="backend.tests.test_p1_features.TestCloseJobToBrainCase" name="test_close_no_body_creates_draft_case" time="9.831" /><testcase classname="backend.tests.test_p1_features.TestCloseJobToBrainCase" name="test_close_with_vehicle_context" time="13.022" /><testcase classname="backend.tests.test_p1_features.TestBrainTeamConversations" name="test_no_bearer_401" time="0.136" /><testcase classname="backend.tests.test_p1_features.TestBrainTeamConversations" name="test_wrong_bearer_401" time="0.112" /><testcase classname="backend.tests.test_p1_features.TestBrainTeamConversations" name="test_all_threads" time="0.129" /><testcase classname="backend.tests.test_p1_features.TestBrainTeamConversations" name="test_thread_key_shop_only" time="0.128" /><testcase classname="backend.tests.test_p1_features.TestBrainTeamConversations" name="test_technician_scope" time="0.260" /><testcase classname="backend.tests.test_p1_features.TestShopProfile" name="test_get_profile_auto_seed" time="0.123" /><testcase classname="backend.tests.test_p1_features.TestShopProfile" name="test_put_profile_updates_and_trims" time="0.244" /><testcase classname="backend.tests.test_p1_features.TestShopProfile" name="test_put_profile_forbidden_for_tech" time="0.716" /><testcase classname="backend.tests.test_p1_features.TestShopProfile" name="test_brain_shop_profile" time="0.122" /><testcase classname="backend.tests.test_p1_features.TestShopProfile" name="test_brain_shop_profile_unauth" time="0.143" /><testcase classname="backend.tests.test_p1_features.TestShopProfile" name="test_brain_stats_includes_profile_fields" time="0.144" /><testcase classname="backend.tests.test_p1_features.TestSearchCache" name="test_search_caches_second_call" time="6.397" /><testcase classname="backend.tests.test_p1_features.TestSearchCache" name="test_search_stats" time="0.122" /><testcase classname="backend.tests.test_p1_features.TestLeaveOpenSession" name="test_seed_open_session_for_frontend" time="16.746" /></testsuite></testsuites>