<?xml version="1.0" encoding="utf-8"?><testsuites name="pytest tests"><testsuite name="pytest" errors="0" failures="4" skipped="0" tests="24" time="18.394" timestamp="2026-05-20T04:19:41.423491+00:00" hostname="agent-env-608b161e-0989-4b87-bada-20cd7e0f8d4b"><testcase classname="backend.tests.backend_test.TestAuth" name="test_root" time="0.219" /><testcase classname="backend.tests.backend_test.TestAuth" name="test_login_ok" time="0.365" /><testcase classname="backend.tests.backend_test.TestAuth" name="test_login_bad_pw" time="0.400" /><testcase classname="backend.tests.backend_test.TestAuth" name="test_me" time="0.473" /><testcase classname="backend.tests.backend_test.TestAuth" name="test_me_no_token" time="0.100" /><testcase classname="backend.tests.backend_test.TestChat" name="test_chat_basic" time="0.519"><failure message="AssertionError: {&quot;detail&quot;:&quot;Wrench is jammed up: Failed to generate chat completion: litellm.BadRequestError: OpenAIException - Budget has been exceeded! Current cost: 1.0146430000000004, Max budget: 1.001&quot;}&#10;assert 500 == 200&#10; +  where 500 = &lt;Response [500]&gt;.status_code">backend/tests/backend_test.py:70: in test_chat_basic
    assert r.status_code == 200, r.text
E   AssertionError: {"detail":"Wrench is jammed up: Failed to generate chat completion: litellm.BadRequestError: OpenAIException - Budget has been exceeded! Current cost: 1.0146430000000004, Max budget: 1.001"}
E   assert 500 == 200
E    +  where 500 = &lt;Response [500]&gt;.status_code</failure></testcase><testcase classname="backend.tests.backend_test.TestChat" name="test_chat_heat_detected" time="0.417"><failure message="AssertionError: {&quot;detail&quot;:&quot;Wrench is jammed up: Failed to generate chat completion: litellm.BadRequestError: OpenAIException - Budget has been exceeded! Current cost: 1.0146430000000004, Max budget: 1.001&quot;}&#10;assert 500 == 200&#10; +  where 500 = &lt;Response [500]&gt;.status_code">backend/tests/backend_test.py:81: in test_chat_heat_detected
    assert r.status_code == 200, r.text
E   AssertionError: {"detail":"Wrench is jammed up: Failed to generate chat completion: litellm.BadRequestError: OpenAIException - Budget has been exceeded! Current cost: 1.0146430000000004, Max budget: 1.001"}
E   assert 500 == 200
E    +  where 500 = &lt;Response [500]&gt;.status_code</failure></testcase><testcase classname="backend.tests.backend_test.TestChat" name="test_list_sessions" time="0.134"><failure message="assert 0 &gt;= 1&#10; +  where 0 = len([])&#10; +    where [] = json()&#10; +      where json = &lt;Response [200]&gt;.json">backend/tests/backend_test.py:89: in test_list_sessions
    assert len(r.json()) &gt;= 1
E   assert 0 &gt;= 1
E    +  where 0 = len([])
E    +    where [] = json()
E    +      where json = &lt;Response [200]&gt;.json</failure></testcase><testcase classname="backend.tests.backend_test.TestChat" name="test_get_session" time="0.000"><failure message="AssertionError: session_id not captured&#10;assert None">backend/tests/backend_test.py:93: in test_get_session
    assert sid, "session_id not captured"
E   AssertionError: session_id not captured
E   assert None</failure></testcase><testcase classname="backend.tests.backend_test.TestVoice" name="test_tts" time="0.805" /><testcase classname="backend.tests.backend_test.TestVoice" name="test_tts_empty" time="0.117" /><testcase classname="backend.tests.backend_test.TestChart" name="test_chart_edit" time="1.842" /><testcase classname="backend.tests.backend_test.TestLibrary" name="test_upload" time="0.189" /><testcase classname="backend.tests.backend_test.TestLibrary" name="test_list" time="0.151" /><testcase classname="backend.tests.backend_test.TestLibrary" name="test_delete" time="0.126" /><testcase classname="backend.tests.backend_test.TestVehicles" name="test_create" time="0.177" /><testcase classname="backend.tests.backend_test.TestVehicles" name="test_list_has" time="0.117" /><testcase classname="backend.tests.backend_test.TestVehicles" name="test_update" time="0.143" /><testcase classname="backend.tests.backend_test.TestVehicles" name="test_delete" time="0.097" /><testcase classname="backend.tests.backend_test.TestDatalog" name="test_analyze" time="11.280" /><testcase classname="backend.tests.backend_test.TestMemory" name="test_add" time="0.204" /><testcase classname="backend.tests.backend_test.TestMemory" name="test_list" time="0.141" /><testcase classname="backend.tests.backend_test.TestMemory" name="test_delete" time="0.114" /><testcase classname="backend.tests.backend_test.TestSettings" name="test_update" time="0.139" /></testsuite></testsuites>