<?xml version="1.0" encoding="utf-8"?><testsuites name="pytest tests"><testsuite name="pytest" errors="0" failures="1" skipped="0" tests="7" time="2.025" timestamp="2026-05-22T15:59:38.860082+00:00" hostname="agent-env-608b161e-0989-4b87-bada-20cd7e0f8d4b"><testcase classname="backend.tests.test_regression_charts_chat.TestAuth" name="test_login_owner_returns_jwt" time="0.482" /><testcase classname="backend.tests.test_regression_charts_chat.TestVehicles" name="test_vehicles_returns_exactly_8" time="0.203" /><testcase classname="backend.tests.test_regression_charts_chat.TestVehicles" name="test_no_blank_entries" time="0.144" /><testcase classname="backend.tests.test_regression_charts_chat.TestVehicles" name="test_tahoe_present" time="0.143" /><testcase classname="backend.tests.test_regression_charts_chat.TestVinDecode" name="test_decode_tahoe" time="0.548" /><testcase classname="backend.tests.test_regression_charts_chat.TestChartEdit" name="test_chart_edit_returns_table_text_out" time="0.156"><failure message="AssertionError: 422 {&quot;detail&quot;:[{&quot;type&quot;:&quot;missing&quot;,&quot;loc&quot;:[&quot;body&quot;,&quot;table_text&quot;],&quot;msg&quot;:&quot;Field required&quot;,&quot;input&quot;:{&quot;table_text_in&quot;:&quot;0\t1000\t2000\n100\t10\t12\n200\t11\t13\n&quot;,&quot;instruction&quot;:&quot;add 1 degree timing&quot;},&quot;url&quot;:&quot;https://errors.pydantic.dev/2.13/v/missing&quot;}]}&#10;assert 422 == 200&#10; +  where 422 = &lt;Response [422]&gt;.status_code">backend/tests/test_regression_charts_chat.py:98: in test_chart_edit_returns_table_text_out
    assert r.status_code == 200, f"{r.status_code} {r.text}"
E   AssertionError: 422 {"detail":[{"type":"missing","loc":["body","table_text"],"msg":"Field required","input":{"table_text_in":"0\t1000\t2000\n100\t10\t12\n200\t11\t13\n","instruction":"add 1 degree timing"},"url":"https://errors.pydantic.dev/2.13/v/missing"}]}
E   assert 422 == 200
E    +  where 422 = &lt;Response [422]&gt;.status_code</failure></testcase><testcase classname="backend.tests.test_regression_charts_chat.TestLetter" name="test_letter_html_renders" time="0.253" /></testsuite></testsuites>