<?xml version="1.0" encoding="utf-8"?><testsuites name="pytest tests"><testsuite name="pytest" errors="0" failures="0" skipped="0" tests="12" time="2.372" timestamp="2026-06-17T13:24:11.460944+00:00" hostname="agent-env-608b161e-0989-4b87-bada-20cd7e0f8d4b"><testcase classname="backend.tests.test_sms_threads" name="test_unread_count_requires_auth" time="0.125" /><testcase classname="backend.tests.test_sms_threads" name="test_threads_requires_auth" time="0.147" /><testcase classname="backend.tests.test_sms_threads" name="test_unread_count_returns_int" time="1.435" /><testcase classname="backend.tests.test_sms_threads" name="test_threads_collapse_phone_formats" time="0.049" /><testcase classname="backend.tests.test_sms_threads" name="test_threads_name_from_lead" time="0.046" /><testcase classname="backend.tests.test_sms_threads" name="test_threads_sorted_newest_first" time="0.048" /><testcase classname="backend.tests.test_sms_threads" name="test_thread_messages_chronological" time="0.053" /><testcase classname="backend.tests.test_sms_threads" name="test_thread_messages_phone_key_normalization" time="0.048" /><testcase classname="backend.tests.test_sms_threads" name="test_thread_messages_unknown_key_empty" time="0.049" /><testcase classname="backend.tests.test_sms_threads" name="test_mark_read_thread" time="0.185" /><testcase classname="backend.tests.test_sms_threads" name="test_mark_read_idempotent" time="0.046" /><testcase classname="backend.tests.test_sms_threads" name="test_mark_read_empty_key" time="0.056" /></testsuite></testsuites>