<?xml version="1.0" encoding="utf-8"?><testsuites name="pytest tests"><testsuite name="pytest" errors="0" failures="0" skipped="0" tests="10" time="1.370" timestamp="2026-06-16T16:35:44.839642+00:00" hostname="agent-env-608b161e-0989-4b87-bada-20cd7e0f8d4b"><testcase classname="backend.tests.test_voice_routes.TestVoiceIncoming" name="test_returns_200_with_valid_twiml_no_signature" time="0.201" /><testcase classname="backend.tests.test_voice_routes.TestVoiceIncoming" name="test_content_type_is_application_xml" time="0.047" /><testcase classname="backend.tests.test_voice_routes.TestVoiceIncoming" name="test_record_callback_urls_use_public_base" time="0.046" /><testcase classname="backend.tests.test_voice_routes.TestVoiceIncoming" name="test_does_not_contain_internal_k8s_url" time="0.049" /><testcase classname="backend.tests.test_voice_routes.TestVoicemailDone" name="test_creates_voicemail_row_and_returns_after_record_xml" time="0.148" /><testcase classname="backend.tests.test_voice_routes.TestVoicemailTranscription" name="test_creates_lead_with_kind_voicemail" time="0.617" /><testcase classname="backend.tests.test_voice_routes.TestVoiceStatus" name="test_returns_204_when_signature_invalid" time="0.046" /><testcase classname="backend.tests.test_voice_routes.TestVoicemailsList" name="test_list_returns_200_and_list" time="0.046" /><testcase classname="backend.tests.test_voice_routes.TestVoicemailsList" name="test_list_respects_limit" time="0.042" /><testcase classname="backend.tests.test_voice_routes.TestVoicemailsList" name="test_list_no_mongo_objectid_leaked" time="0.042" /></testsuite></testsuites>