<?xml version="1.0" encoding="utf-8"?><testsuites name="pytest tests"><testsuite name="pytest" errors="0" failures="0" skipped="2" tests="25" time="12.625" timestamp="2026-06-18T21:49:33.579331+00:00" hostname="agent-env-e2784d78-c545-44e0-a71c-464638556111"><testcase classname="backend.tests.test_wrench_preview.TestAuth" name="test_root_online" time="2.462" /><testcase classname="backend.tests.test_wrench_preview.TestAuth" name="test_signup_new_user" time="0.336" /><testcase classname="backend.tests.test_wrench_preview.TestAuth" name="test_login_owner" time="0.322" /><testcase classname="backend.tests.test_wrench_preview.TestAuth" name="test_me_with_token" time="0.431" /><testcase classname="backend.tests.test_wrench_preview.TestAuth" name="test_me_without_token_rejected" time="0.092" /><testcase classname="backend.tests.test_wrench_preview.TestAuth" name="test_login_bad_password" time="0.328" /><testcase classname="backend.tests.test_wrench_preview.TestChat" name="test_chat_returns_reply" time="5.328" /><testcase classname="backend.tests.test_wrench_preview.TestChat" name="test_chat_unauthed" time="0.136" /><testcase classname="backend.tests.test_wrench_preview.TestVehicles" name="test_create_and_list" time="0.217" /><testcase classname="backend.tests.test_wrench_preview.TestMemory" name="test_memory_endpoint_works" time="0.196" /><testcase classname="backend.tests.test_wrench_preview.TestMemory" name="test_facts_includes_locked_rules" time="0.098"><skipped type="pytest.xfail" message="No startup seed for locked rules found in server.py — preview env returns empty memory." /></testcase><testcase classname="backend.tests.test_wrench_preview.TestBrainPeer" name="test_with_master_token" time="0.103" /><testcase classname="backend.tests.test_wrench_preview.TestBrainPeer" name="test_without_token_rejected" time="0.095" /><testcase classname="backend.tests.test_wrench_preview.TestBrainPeer" name="test_with_wrong_token_rejected" time="0.109" /><testcase classname="backend.tests.test_wrench_preview.TestAgentMail" name="test_inbox_accepts_with_token" time="0.097" /><testcase classname="backend.tests.test_wrench_preview.TestAgentMail" name="test_inbox_rejects_without_token" time="0.098" /><testcase classname="backend.tests.test_wrench_preview.TestAgentMail" name="test_inbox_rejects_wrong_token" time="0.093" /><testcase classname="backend.tests.test_wrench_preview.TestAgentMail" name="test_peers_list_includes_bud" time="0.092" /><testcase classname="backend.tests.test_wrench_preview.TestSMSWebhook" name="test_sms_inbound" time="0.371" /><testcase classname="backend.tests.test_wrench_preview.TestSMSWebhook" name="test_sms_incoming_alias" time="0.308" /><testcase classname="backend.tests.test_wrench_preview.TestVoiceWebhook" name="test_voice_incoming_returns_twiml" time="0.101" /><testcase classname="backend.tests.test_wrench_preview.TestVoiceWebhook" name="test_voice_status_204" time="0.210" /><testcase classname="backend.tests.test_wrench_preview.TestEmbeddings" name="test_brain_search_works" time="0.630" /><testcase classname="backend.tests.test_wrench_preview.TestPublic" name="test_shop_landing" time="0.102"><skipped type="pytest.xfail" message="shop_profile for drunderhood-fortsmith not seeded in preview DB. Startup migration uses upsert=False so missing doc is never created." /></testcase><testcase classname="backend.tests.test_wrench_preview.TestPublic" name="test_lead_intake" time="0.109" /></testsuite></testsuites>